<?xml version="1.0" encoding="UTF-8"?>
<Site BuildName="Linux-g++"
	BuildStamp="20230827-0934-Experimental"
	Name="kai-UX310UA"
	Generator="ctest-3.25.1"
	CompilerName="/usr/bin/g++"
	CompilerVersion=""
	OSName="Linux"
	Hostname="kai-UX310UA"
	OSRelease="6.2.0-26-generic"
	OSVersion="#26~22.04.1-Ubuntu SMP PREEMPT_DYNAMIC Thu Jul 13 16:27:29 UTC 2"
	OSPlatform="x86_64"
	Is64Bits="1"
	VendorString="GenuineIntel"
	VendorID="Intel Corporation"
	FamilyID="6"
	ModelID="78"
	ProcessorCacheSize="4096"
	NumberOfLogicalCPU="4"
	NumberOfPhysicalCPU="2"
	TotalVirtualMemory="2047"
	TotalPhysicalMemory="23886"
	LogicalProcessorsPerPhysical="2"
	ProcessorClockFrequency="3000"
	>
	<Testing>
		<StartDateTime>Aug 27 11:36 CEST</StartDateTime>
		<StartTestTime>1693128977</StartTestTime>
		<TestList/>
		<EndDateTime>Aug 27 11:36 CEST</EndDateTime>
		<EndTestTime>1693128977</EndTestTime>
		<ElapsedMinutes>0</ElapsedMinutes>
	</Testing>
</Site>
